<?xml version="1.0" encoding="UTF-8"?>
<testsuite xmlns:xsi="http://www.w3.org/2001/XMLSchema-instance" xsi:noNamespaceSchemaLocation="https://maven.apache.org/surefire/maven-surefire-plugin/xsd/surefire-test-report.xsd" name="TestSuite" time="8.832" tests="3" errors="0" skipped="0" failures="0">
  <properties>
    <property name="sun.desktop" value="gnome"/>
    <property name="awt.toolkit" value="sun.awt.X11.XToolkit"/>
    <property name="java.specification.version" value="11"/>
    <property name="sun.cpu.isalist" value=""/>
    <property name="sun.jnu.encoding" value="UTF-8"/>
    <property name="java.class.path" value="/home/globallogic/eclipse-workspace/SeleniumTDDFramework/target/test-classes:/home/globallogic/eclipse-workspace/SeleniumTDDFramework/target/classes:/home/globallogic/.m2/repository/org/testng/testng/6.8/testng-6.8.jar:/home/globallogic/.m2/repository/junit/junit/4.10/junit-4.10.jar:/home/globallogic/.m2/repository/org/hamcrest/hamcrest-core/1.1/hamcrest-core-1.1.jar:/home/globallogic/.m2/repository/org/beanshell/bsh/2.0b4/bsh-2.0b4.jar:/home/globallogic/.m2/repository/com/beust/jcommander/1.27/jcommander-1.27.jar:/home/globallogic/.m2/repository/org/yaml/snakeyaml/1.6/snakeyaml-1.6.jar:/home/globallogic/.m2/repository/org/seleniumhq/selenium/selenium-java/3.14.0/selenium-java-3.14.0.jar:/home/globallogic/.m2/repository/org/seleniumhq/selenium/selenium-api/3.14.0/selenium-api-3.14.0.jar:/home/globallogic/.m2/repository/org/seleniumhq/selenium/selenium-chrome-driver/3.14.0/selenium-chrome-driver-3.14.0.jar:/home/globallogic/.m2/repository/org/seleniumhq/selenium/selenium-edge-driver/3.14.0/selenium-edge-driver-3.14.0.jar:/home/globallogic/.m2/repository/org/seleniumhq/selenium/selenium-firefox-driver/3.14.0/selenium-firefox-driver-3.14.0.jar:/home/globallogic/.m2/repository/org/seleniumhq/selenium/selenium-ie-driver/3.14.0/selenium-ie-driver-3.14.0.jar:/home/globallogic/.m2/repository/org/seleniumhq/selenium/selenium-opera-driver/3.14.0/selenium-opera-driver-3.14.0.jar:/home/globallogic/.m2/repository/org/seleniumhq/selenium/selenium-remote-driver/3.14.0/selenium-remote-driver-3.14.0.jar:/home/globallogic/.m2/repository/org/seleniumhq/selenium/selenium-safari-driver/3.14.0/selenium-safari-driver-3.14.0.jar:/home/globallogic/.m2/repository/org/seleniumhq/selenium/selenium-support/3.14.0/selenium-support-3.14.0.jar:/home/globallogic/.m2/repository/net/bytebuddy/byte-buddy/1.8.15/byte-buddy-1.8.15.jar:/home/globallogic/.m2/repository/org/apache/commons/commons-exec/1.3/commons-exec-1.3.jar:/home/globallogic/.m2/repository/commons-codec/commons-codec/1.10/commons-codec-1.10.jar:/home/globallogic/.m2/repository/commons-logging/commons-logging/1.2/commons-logging-1.2.jar:/home/globallogic/.m2/repository/com/google/guava/guava/25.0-jre/guava-25.0-jre.jar:/home/globallogic/.m2/repository/com/google/code/findbugs/jsr305/1.3.9/jsr305-1.3.9.jar:/home/globallogic/.m2/repository/org/checkerframework/checker-compat-qual/2.0.0/checker-compat-qual-2.0.0.jar:/home/globallogic/.m2/repository/com/google/errorprone/error_prone_annotations/2.1.3/error_prone_annotations-2.1.3.jar:/home/globallogic/.m2/repository/com/google/j2objc/j2objc-annotations/1.1/j2objc-annotations-1.1.jar:/home/globallogic/.m2/repository/org/codehaus/mojo/animal-sniffer-annotations/1.14/animal-sniffer-annotations-1.14.jar:/home/globallogic/.m2/repository/org/apache/httpcomponents/httpclient/4.5.5/httpclient-4.5.5.jar:/home/globallogic/.m2/repository/org/apache/httpcomponents/httpcore/4.4.9/httpcore-4.4.9.jar:/home/globallogic/.m2/repository/com/squareup/okhttp3/okhttp/3.10.0/okhttp-3.10.0.jar:/home/globallogic/.m2/repository/com/squareup/okio/okio/1.14.1/okio-1.14.1.jar:/home/globallogic/.m2/repository/commons-io/commons-io/2.6/commons-io-2.6.jar:/home/globallogic/.m2/repository/org/apache/poi/poi/4.0.1/poi-4.0.1.jar:/home/globallogic/.m2/repository/org/apache/commons/commons-collections4/4.2/commons-collections4-4.2.jar:/home/globallogic/.m2/repository/org/apache/commons/commons-math3/3.6.1/commons-math3-3.6.1.jar:/home/globallogic/.m2/repository/org/apache/poi/poi-ooxml/4.0.1/poi-ooxml-4.0.1.jar:/home/globallogic/.m2/repository/org/apache/commons/commons-compress/1.18/commons-compress-1.18.jar:/home/globallogic/.m2/repository/com/github/virtuald/curvesapi/1.05/curvesapi-1.05.jar:/home/globallogic/.m2/repository/org/apache/poi/poi-ooxml-schemas/4.0.1/poi-ooxml-schemas-4.0.1.jar:/home/globallogic/.m2/repository/org/apache/xmlbeans/xmlbeans/3.0.2/xmlbeans-3.0.2.jar:/home/globallogic/.m2/repository/org/apache/poi/poi-scratchpad/4.0.1/poi-scratchpad-4.0.1.jar:/home/globallogic/.m2/repository/com/relevantcodes/extentreports/2.41.2/extentreports-2.41.2.jar:/home/globallogic/.m2/repository/org/jsoup/jsoup/1.8.3/jsoup-1.8.3.jar:/home/globallogic/.m2/repository/org/xerial/sqlite-jdbc/3.8.11.1/sqlite-jdbc-3.8.11.1.jar:/home/globallogic/.m2/repository/org/freemarker/freemarker/2.3.23/freemarker-2.3.23.jar:/home/globallogic/.m2/repository/org/mongodb/mongodb-driver/3.0.4/mongodb-driver-3.0.4.jar:/home/globallogic/.m2/repository/org/mongodb/bson/3.0.4/bson-3.0.4.jar:/home/globallogic/.m2/repository/org/mongodb/mongodb-driver-core/3.0.4/mongodb-driver-core-3.0.4.jar:"/>
    <property name="java.vm.vendor" value="Ubuntu"/>
    <property name="sun.arch.data.model" value="64"/>
    <property name="java.vendor.url" value="https://ubuntu.com/"/>
    <property name="user.timezone" value=""/>
    <property name="java.vm.specification.version" value="11"/>
    <property name="os.name" value="Linux"/>
    <property name="sun.java.launcher" value="SUN_STANDARD"/>
    <property name="user.country" value="IN"/>
    <property name="sun.boot.library.path" value="/usr/lib/jvm/java-11-openjdk-amd64/lib"/>
    <property name="sun.java.command" value="/home/globallogic/eclipse-workspace/SeleniumTDDFramework/target/surefire/surefirebooter480403873001585126.jar /home/globallogic/eclipse-workspace/SeleniumTDDFramework/target/surefire 2020-07-11T18-25-29_028-jvmRun1 surefire136657075513231145tmp surefire_017806524223551521601tmp"/>
    <property name="jdk.debug" value="release"/>
    <property name="surefire.test.class.path" value="/home/globallogic/eclipse-workspace/SeleniumTDDFramework/target/test-classes:/home/globallogic/eclipse-workspace/SeleniumTDDFramework/target/classes:/home/globallogic/.m2/repository/org/testng/testng/6.8/testng-6.8.jar:/home/globallogic/.m2/repository/junit/junit/4.10/junit-4.10.jar:/home/globallogic/.m2/repository/org/hamcrest/hamcrest-core/1.1/hamcrest-core-1.1.jar:/home/globallogic/.m2/repository/org/beanshell/bsh/2.0b4/bsh-2.0b4.jar:/home/globallogic/.m2/repository/com/beust/jcommander/1.27/jcommander-1.27.jar:/home/globallogic/.m2/repository/org/yaml/snakeyaml/1.6/snakeyaml-1.6.jar:/home/globallogic/.m2/repository/org/seleniumhq/selenium/selenium-java/3.14.0/selenium-java-3.14.0.jar:/home/globallogic/.m2/repository/org/seleniumhq/selenium/selenium-api/3.14.0/selenium-api-3.14.0.jar:/home/globallogic/.m2/repository/org/seleniumhq/selenium/selenium-chrome-driver/3.14.0/selenium-chrome-driver-3.14.0.jar:/home/globallogic/.m2/repository/org/seleniumhq/selenium/selenium-edge-driver/3.14.0/selenium-edge-driver-3.14.0.jar:/home/globallogic/.m2/repository/org/seleniumhq/selenium/selenium-firefox-driver/3.14.0/selenium-firefox-driver-3.14.0.jar:/home/globallogic/.m2/repository/org/seleniumhq/selenium/selenium-ie-driver/3.14.0/selenium-ie-driver-3.14.0.jar:/home/globallogic/.m2/repository/org/seleniumhq/selenium/selenium-opera-driver/3.14.0/selenium-opera-driver-3.14.0.jar:/home/globallogic/.m2/repository/org/seleniumhq/selenium/selenium-remote-driver/3.14.0/selenium-remote-driver-3.14.0.jar:/home/globallogic/.m2/repository/org/seleniumhq/selenium/selenium-safari-driver/3.14.0/selenium-safari-driver-3.14.0.jar:/home/globallogic/.m2/repository/org/seleniumhq/selenium/selenium-support/3.14.0/selenium-support-3.14.0.jar:/home/globallogic/.m2/repository/net/bytebuddy/byte-buddy/1.8.15/byte-buddy-1.8.15.jar:/home/globallogic/.m2/repository/org/apache/commons/commons-exec/1.3/commons-exec-1.3.jar:/home/globallogic/.m2/repository/commons-codec/commons-codec/1.10/commons-codec-1.10.jar:/home/globallogic/.m2/repository/commons-logging/commons-logging/1.2/commons-logging-1.2.jar:/home/globallogic/.m2/repository/com/google/guava/guava/25.0-jre/guava-25.0-jre.jar:/home/globallogic/.m2/repository/com/google/code/findbugs/jsr305/1.3.9/jsr305-1.3.9.jar:/home/globallogic/.m2/repository/org/checkerframework/checker-compat-qual/2.0.0/checker-compat-qual-2.0.0.jar:/home/globallogic/.m2/repository/com/google/errorprone/error_prone_annotations/2.1.3/error_prone_annotations-2.1.3.jar:/home/globallogic/.m2/repository/com/google/j2objc/j2objc-annotations/1.1/j2objc-annotations-1.1.jar:/home/globallogic/.m2/repository/org/codehaus/mojo/animal-sniffer-annotations/1.14/animal-sniffer-annotations-1.14.jar:/home/globallogic/.m2/repository/org/apache/httpcomponents/httpclient/4.5.5/httpclient-4.5.5.jar:/home/globallogic/.m2/repository/org/apache/httpcomponents/httpcore/4.4.9/httpcore-4.4.9.jar:/home/globallogic/.m2/repository/com/squareup/okhttp3/okhttp/3.10.0/okhttp-3.10.0.jar:/home/globallogic/.m2/repository/com/squareup/okio/okio/1.14.1/okio-1.14.1.jar:/home/globallogic/.m2/repository/commons-io/commons-io/2.6/commons-io-2.6.jar:/home/globallogic/.m2/repository/org/apache/poi/poi/4.0.1/poi-4.0.1.jar:/home/globallogic/.m2/repository/org/apache/commons/commons-collections4/4.2/commons-collections4-4.2.jar:/home/globallogic/.m2/repository/org/apache/commons/commons-math3/3.6.1/commons-math3-3.6.1.jar:/home/globallogic/.m2/repository/org/apache/poi/poi-ooxml/4.0.1/poi-ooxml-4.0.1.jar:/home/globallogic/.m2/repository/org/apache/commons/commons-compress/1.18/commons-compress-1.18.jar:/home/globallogic/.m2/repository/com/github/virtuald/curvesapi/1.05/curvesapi-1.05.jar:/home/globallogic/.m2/repository/org/apache/poi/poi-ooxml-schemas/4.0.1/poi-ooxml-schemas-4.0.1.jar:/home/globallogic/.m2/repository/org/apache/xmlbeans/xmlbeans/3.0.2/xmlbeans-3.0.2.jar:/home/globallogic/.m2/repository/org/apache/poi/poi-scratchpad/4.0.1/poi-scratchpad-4.0.1.jar:/home/globallogic/.m2/repository/com/relevantcodes/extentreports/2.41.2/extentreports-2.41.2.jar:/home/globallogic/.m2/repository/org/jsoup/jsoup/1.8.3/jsoup-1.8.3.jar:/home/globallogic/.m2/repository/org/xerial/sqlite-jdbc/3.8.11.1/sqlite-jdbc-3.8.11.1.jar:/home/globallogic/.m2/repository/org/freemarker/freemarker/2.3.23/freemarker-2.3.23.jar:/home/globallogic/.m2/repository/org/mongodb/mongodb-driver/3.0.4/mongodb-driver-3.0.4.jar:/home/globallogic/.m2/repository/org/mongodb/bson/3.0.4/bson-3.0.4.jar:/home/globallogic/.m2/repository/org/mongodb/mongodb-driver-core/3.0.4/mongodb-driver-core-3.0.4.jar:"/>
    <property name="sun.cpu.endian" value="little"/>
    <property name="user.home" value="/home/globallogic"/>
    <property name="user.language" value="en"/>
    <property name="java.specification.vendor" value="Oracle Corporation"/>
    <property name="java.version.date" value="2020-04-14"/>
    <property name="java.home" value="/usr/lib/jvm/java-11-openjdk-amd64"/>
    <property name="file.separator" value="/"/>
    <property name="basedir" value="/home/globallogic/eclipse-workspace/SeleniumTDDFramework"/>
    <property name="java.vm.compressedOopsMode" value="Zero based"/>
    <property name="line.separator" value="&#10;"/>
    <property name="java.specification.name" value="Java Platform API Specification"/>
    <property name="java.vm.specification.vendor" value="Oracle Corporation"/>
    <property name="java.awt.graphicsenv" value="sun.awt.X11GraphicsEnvironment"/>
    <property name="surefire.real.class.path" value="/home/globallogic/eclipse-workspace/SeleniumTDDFramework/target/surefire/surefirebooter480403873001585126.jar"/>
    <property name="sun.management.compiler" value="HotSpot 64-Bit Tiered Compilers"/>
    <property name="java.runtime.version" value="11.0.7+10-post-Ubuntu-2ubuntu218.04"/>
    <property name="user.name" value="globallogic"/>
    <property name="path.separator" value=":"/>
    <property name="os.version" value="4.15.0-106-generic"/>
    <property name="java.runtime.name" value="OpenJDK Runtime Environment"/>
    <property name="file.encoding" value="UTF-8"/>
    <property name="java.vm.name" value="OpenJDK 64-Bit Server VM"/>
    <property name="localRepository" value="/home/globallogic/.m2/repository"/>
    <property name="java.vendor.url.bug" value="https://bugs.launchpad.net/ubuntu/+source/openjdk-lts"/>
    <property name="java.io.tmpdir" value="/tmp"/>
    <property name="java.version" value="11.0.7"/>
    <property name="user.dir" value="/home/globallogic/eclipse-workspace/SeleniumTDDFramework"/>
    <property name="os.arch" value="amd64"/>
    <property name="java.vm.specification.name" value="Java Virtual Machine Specification"/>
    <property name="java.awt.printerjob" value="sun.print.PSPrinterJob"/>
    <property name="sun.os.patch.level" value="unknown"/>
    <property name="java.library.path" value="/usr/java/packages/lib:/usr/lib/x86_64-linux-gnu/jni:/lib/x86_64-linux-gnu:/usr/lib/x86_64-linux-gnu:/usr/lib/jni:/lib:/usr/lib"/>
    <property name="java.vendor" value="Ubuntu"/>
    <property name="java.vm.info" value="mixed mode, sharing"/>
    <property name="java.vm.version" value="11.0.7+10-post-Ubuntu-2ubuntu218.04"/>
    <property name="sun.io.unicode.encoding" value="UnicodeLittle"/>
    <property name="java.class.version" value="55.0"/>
  </properties>
  <testcase name="testMultiply" classname="com.qa.test.DemoTest" time="0.009"/>
  <testcase name="testSum" classname="com.qa.test.DemoTest" time="0"/>
  <testcase name="homePageTitleTest" classname="com.demoproject.qa.testcases.HomePageTest" time="0.289"/>
</testsuite>