<?xml version="1.0" encoding="UTF-8"?>
<!-- Generated by org.testng.reporters.JUnitReportReporter -->
<testsuite hostname="globallogic-HP-ProBook-640-G5" failures="0" tests="1" name="com.demoproject.qa.testcases.HomePageTest" time="7.977" errors="0" timestamp="11 Jul 2020 12:55:38 GMT">
  <testcase classname="com.demoproject.qa.testcases.HomePageTest" name="homePageTitleTest" time="7.977"/>
</testsuite> <!-- com.demoproject.qa.testcases.HomePageTest -->
