<?xml version="1.0" encoding="UTF-8"?>
<!-- Generated by org.testng.reporters.JUnitReportReporter -->
<testsuite hostname="globallogic-HP-ProBook-640-G5" failures="0" tests="2" name="com.demoproject.qa.testcases.LoginPageTest" time="12.935" errors="0" timestamp="11 Jun 2020 06:41:47 GMT">
  <testcase classname="com.demoproject.qa.testcases.LoginPageTest" name="loginPageTitleTest" time="3.932"/>
  <testcase classname="com.demoproject.qa.testcases.LoginPageTest" name="loginTest" time="9.003"/>
</testsuite> <!-- com.demoproject.qa.testcases.LoginPageTest -->
