<?xml version="1.0" encoding="UTF-8"?>
<!-- Generated by org.testng.reporters.JUnitReportReporter -->
<testsuite hostname="globallogic-HP-ProBook-640-G5" failures="0" tests="1" name="com.demoproject.qa.testcases.HomePageTest" time="7.508" errors="0" timestamp="27 Aug 2020 02:45:07 GMT">
  <testcase classname="com.demoproject.qa.testcases.HomePageTest" name="homePageTitleTest" time="7.508"/>
</testsuite> <!-- com.demoproject.qa.testcases.HomePageTest -->
