<?xml version="1.0" encoding="UTF-8"?>
<!-- Generated by org.testng.reporters.JUnitReportReporter -->
<testsuite hostname="globallogic-HP-ProBook-640-G5" failures="0" tests="2" name="com.demoproject.qa.testcases.CRMHomePageTest" time="11.006" errors="0" timestamp="11 Jun 2020 06:48:42 GMT">
  <testcase classname="com.demoproject.qa.testcases.CRMHomePageTest" name="crmHomePageLogoTest" time="4.123"/>
  <testcase classname="com.demoproject.qa.testcases.CRMHomePageTest" name="crmHomeAboutPageValidationTest" time="6.883"/>
</testsuite> <!-- com.demoproject.qa.testcases.CRMHomePageTest -->
