<?xml version="1.0" encoding="UTF-8"?>
<!-- Generated by org.testng.reporters.JUnitReportReporter -->
<testsuite hostname="globallogic-HP-ProBook-640-G5" failures="0" tests="1" name="com.demoproject.qa.testcases.TrendingPageTest" time="11.865" errors="0" timestamp="10 Jun 2020 14:59:06 GMT">
  <testcase classname="com.demoproject.qa.testcases.TrendingPageTest" name="trendingPageTest" time="11.865"/>
</testsuite> <!-- com.demoproject.qa.testcases.TrendingPageTest -->
