<?xml version="1.0" encoding="UTF-8"?>
<!-- Generated by org.testng.reporters.JUnitReportReporter -->
<testsuite hostname="globallogic-HP-ProBook-640-G5" failures="0" tests="1" name="com.demoproject.qa.testcases.SignInTest" time="8.354" errors="0" timestamp="10 Jun 2020 15:24:29 GMT">
  <testcase classname="com.demoproject.qa.testcases.SignInTest" name="signInPageTitleTest" time="8.354"/>
</testsuite> <!-- com.demoproject.qa.testcases.SignInTest -->
